

***********************************************************************
Fatal NI connect error 12560, connecting to:
 (DESCRIPTION=(ADDRESS=(PROTOCOL=BEQ)(PROGRAM=oracle)(ARGV0=oracleORCL)(ARGS='(DESCRIPTION=(LOCAL=YES)(ADDRESS=(PROTOCOL=beq)))'))(CONNECT_DATA=(SID=ORCL)(CID=(PROGRAM=C:\Program Files\Altova\DatabaseSpy2009\DatabaseSpy.exe)(HOST=QA13)(USER=d.bugnone))))

  VERSION INFORMATION:
	TNS for 32-bit Windows: Version 10.1.0.2.0 - Production
	Oracle Bequeath NT Protocol Adapter for 32-bit Windows: Version 10.1.0.2.0 - Production
	Windows NT TCP/IP NT Protocol Adapter for 32-bit Windows: Version 10.1.0.2.0 - Production
  Time: 10-SEP-2008 11:51:21
  Tracing not turned on.
  Tns error struct:
    ns main err code: 12560
    TNS-12560: TNS:protocol adapter error
    ns secondary err code: 0
    nt main err code: 530
    TNS-00530: Protocol adapter error
    nt secondary err code: 126
    nt OS err code: 0


***********************************************************************
Fatal NI connect error 12560, connecting to:
 (DESCRIPTION=(ADDRESS=(PROTOCOL=BEQ)(PROGRAM=oracle)(ARGV0=oracleORCL)(ARGS='(DESCRIPTION=(LOCAL=YES)(ADDRESS=(PROTOCOL=beq)))'))(CONNECT_DATA=(SID=ORCL)(CID=(PROGRAM=C:\Program Files\Altova\DatabaseSpy2009\DatabaseSpy.exe)(HOST=QA13)(USER=d.bugnone))))

  VERSION INFORMATION:
	TNS for 32-bit Windows: Version 10.1.0.2.0 - Production
	Oracle Bequeath NT Protocol Adapter for 32-bit Windows: Version 10.1.0.2.0 - Production
	Windows NT TCP/IP NT Protocol Adapter for 32-bit Windows: Version 10.1.0.2.0 - Production
  Time: 10-SEP-2008 12:07:43
  Tracing not turned on.
  Tns error struct:
    ns main err code: 12560
    TNS-12560: TNS:protocol adapter error
    ns secondary err code: 0
    nt main err code: 530
    TNS-00530: Protocol adapter error
    nt secondary err code: 126
    nt OS err code: 0


***********************************************************************
Fatal NI connect error 12560, connecting to:
 (DESCRIPTION=(ADDRESS=(PROTOCOL=BEQ)(PROGRAM=oracle)(ARGV0=oracleORCL)(ARGS='(DESCRIPTION=(LOCAL=YES)(ADDRESS=(PROTOCOL=beq)))'))(CONNECT_DATA=(SID=ORCL)(CID=(PROGRAM=C:\Program Files\Altova\DatabaseSpy2009\DatabaseSpy.exe)(HOST=QA13)(USER=d.bugnone))))

  VERSION INFORMATION:
	TNS for 32-bit Windows: Version 10.1.0.2.0 - Production
	Oracle Bequeath NT Protocol Adapter for 32-bit Windows: Version 10.1.0.2.0 - Production
  Time: 10-SEP-2008 15:39:15
  Tracing not turned on.
  Tns error struct:
    ns main err code: 12560
    TNS-12560: TNS:protocol adapter error
    ns secondary err code: 0
    nt main err code: 530
    TNS-00530: Protocol adapter error
    nt secondary err code: 126
    nt OS err code: 0


***********************************************************************
Fatal NI connect error 12560, connecting to:
 (DESCRIPTION=(ADDRESS=(PROTOCOL=BEQ)(PROGRAM=oracle)(ARGV0=oracleORCL)(ARGS='(DESCRIPTION=(LOCAL=YES)(ADDRESS=(PROTOCOL=beq)))'))(CONNECT_DATA=(SID=ORCL)(CID=(PROGRAM=C:\Program Files\Altova\DatabaseSpy2009\DatabaseSpy.exe)(HOST=QA13)(USER=D.Bugnone))))

  VERSION INFORMATION:
	TNS for 32-bit Windows: Version 10.1.0.2.0 - Production
	Oracle Bequeath NT Protocol Adapter for 32-bit Windows: Version 10.1.0.2.0 - Production
  Time: 16-SEP-2008 12:01:03
  Tracing not turned on.
  Tns error struct:
    ns main err code: 12560
    TNS-12560: TNS:protocol adapter error
    ns secondary err code: 0
    nt main err code: 530
    TNS-00530: Protocol adapter error
    nt secondary err code: 126
    nt OS err code: 0


***********************************************************************
Fatal NI connect error 12638, connecting to:
 (DESCRIPTION=(ADDRESS=(PROTOCOL=TCP)(HOST=vietora10)(PORT=1521))(CONNECT_DATA=(SERVICE_NAME=orcl)(CID=(PROGRAM=C:\Program Files\Altova\DatabaseSpy2009\DatabaseSpy.exe)(HOST=QA13)(USER=D.Bugnone))))

  VERSION INFORMATION:
	TNS for 32-bit Windows: Version 10.1.0.2.0 - Production
	Windows NT TCP/IP NT Protocol Adapter for 32-bit Windows: Version 10.1.0.2.0 - Production
  Time: 16-SEP-2008 12:01:28
  Tracing not turned on.
  Tns error struct:
    ns main err code: 12638
    TNS-12638: Credential retrieval failed
    ns secondary err code: 0
    nt main err code: 0
    nt secondary err code: 0
    nt OS err code: 0


***********************************************************************
Fatal NI connect error 12638, connecting to:
 (DESCRIPTION=(ADDRESS=(PROTOCOL=TCP)(HOST=vietora10)(PORT=1521))(CONNECT_DATA=(SERVICE_NAME=orcl)(CID=(PROGRAM=C:\Program Files\Altova\DatabaseSpy2009\DatabaseSpy.exe)(HOST=QA13)(USER=D.Bugnone))))

  VERSION INFORMATION:
	TNS for 32-bit Windows: Version 10.1.0.2.0 - Production
	Windows NT TCP/IP NT Protocol Adapter for 32-bit Windows: Version 10.1.0.2.0 - Production
  Time: 16-SEP-2008 12:01:31
  Tracing not turned on.
  Tns error struct:
    ns main err code: 12638
    TNS-12638: Credential retrieval failed
    ns secondary err code: 0
    nt main err code: 0
    nt secondary err code: 0
    nt OS err code: 0


***********************************************************************
Fatal NI connect error 12638, connecting to:
 (DESCRIPTION=(ADDRESS=(PROTOCOL=TCP)(HOST=vietora10)(PORT=1521))(CONNECT_DATA=(SERVICE_NAME=orcl)(CID=(PROGRAM=C:\Program Files\Altova\DatabaseSpy2009\DatabaseSpy.exe)(HOST=QA13)(USER=D.Bugnone))))

  VERSION INFORMATION:
	TNS for 32-bit Windows: Version 10.1.0.2.0 - Production
	Windows NT TCP/IP NT Protocol Adapter for 32-bit Windows: Version 10.1.0.2.0 - Production
  Time: 16-SEP-2008 12:01:39
  Tracing not turned on.
  Tns error struct:
    ns main err code: 12638
    TNS-12638: Credential retrieval failed
    ns secondary err code: 0
    nt main err code: 0
    nt secondary err code: 0
    nt OS err code: 0


***********************************************************************
Fatal NI connect error 12638, connecting to:
 (DESCRIPTION=(ADDRESS=(PROTOCOL=TCP)(HOST=vietora10)(PORT=1521))(CONNECT_DATA=(SERVICE_NAME=orcl)(CID=(PROGRAM=C:\Program Files\Altova\DatabaseSpy2009\DatabaseSpy.exe)(HOST=QA13)(USER=D.Bugnone))))

  VERSION INFORMATION:
	TNS for 32-bit Windows: Version 10.1.0.2.0 - Production
	Windows NT TCP/IP NT Protocol Adapter for 32-bit Windows: Version 10.1.0.2.0 - Production
  Time: 16-SEP-2008 12:01:47
  Tracing not turned on.
  Tns error struct:
    ns main err code: 12638
    TNS-12638: Credential retrieval failed
    ns secondary err code: 0
    nt main err code: 0
    nt secondary err code: 0
    nt OS err code: 0


***********************************************************************
Fatal NI connect error 12638, connecting to:
 (DESCRIPTION=(ADDRESS=(PROTOCOL=TCP)(HOST=vietora10)(PORT=1521))(CONNECT_DATA=(SERVICE_NAME=orcl)(CID=(PROGRAM=C:\Program Files\Altova\DatabaseSpy2009\DatabaseSpy.exe)(HOST=QA13)(USER=D.Bugnone))))

  VERSION INFORMATION:
	TNS for 32-bit Windows: Version 10.1.0.2.0 - Production
	Windows NT TCP/IP NT Protocol Adapter for 32-bit Windows: Version 10.1.0.2.0 - Production
  Time: 16-SEP-2008 14:35:15
  Tracing not turned on.
  Tns error struct:
    ns main err code: 12638
    TNS-12638: Credential retrieval failed
    ns secondary err code: 0
    nt main err code: 0
    nt secondary err code: 0
    nt OS err code: 0


***********************************************************************
Fatal NI connect error 12638, connecting to:
 (DESCRIPTION=(ADDRESS=(PROTOCOL=TCP)(HOST=vietora10)(PORT=1521))(CONNECT_DATA=(SERVICE_NAME=orcl)(CID=(PROGRAM=C:\Program Files\Altova\DatabaseSpy2009\DatabaseSpy.exe)(HOST=QA13)(USER=D.Bugnone))))

  VERSION INFORMATION:
	TNS for 32-bit Windows: Version 10.1.0.2.0 - Production
	Windows NT TCP/IP NT Protocol Adapter for 32-bit Windows: Version 10.1.0.2.0 - Production
  Time: 16-SEP-2008 14:35:23
  Tracing not turned on.
  Tns error struct:
    ns main err code: 12638
    TNS-12638: Credential retrieval failed
    ns secondary err code: 0
    nt main err code: 0
    nt secondary err code: 0
    nt OS err code: 0


***********************************************************************
Fatal NI connect error 12638, connecting to:
 (DESCRIPTION=(ADDRESS=(PROTOCOL=TCP)(HOST=vietora10)(PORT=1521))(CONNECT_DATA=(SERVICE_NAME=orcl)(CID=(PROGRAM=C:\Program Files\Altova\DatabaseSpy2009\DatabaseSpy.exe)(HOST=QA13)(USER=D.Bugnone))))

  VERSION INFORMATION:
	TNS for 32-bit Windows: Version 10.1.0.2.0 - Production
	Windows NT TCP/IP NT Protocol Adapter for 32-bit Windows: Version 10.1.0.2.0 - Production
  Time: 17-SEP-2008 10:31:04
  Tracing not turned on.
  Tns error struct:
    ns main err code: 12638
    TNS-12638: Credential retrieval failed
    ns secondary err code: 0
    nt main err code: 0
    nt secondary err code: 0
    nt OS err code: 0


***********************************************************************
Fatal NI connect error 12638, connecting to:
 (DESCRIPTION=(ADDRESS=(PROTOCOL=TCP)(HOST=vietora10)(PORT=1521))(CONNECT_DATA=(SERVICE_NAME=orcl)(CID=(PROGRAM=C:\Program Files\Altova\DatabaseSpy2009\DatabaseSpy.exe)(HOST=QA13)(USER=D.Bugnone))))

  VERSION INFORMATION:
	TNS for 32-bit Windows: Version 10.1.0.2.0 - Production
	Windows NT TCP/IP NT Protocol Adapter for 32-bit Windows: Version 10.1.0.2.0 - Production
  Time: 17-SEP-2008 10:31:08
  Tracing not turned on.
  Tns error struct:
    ns main err code: 12638
    TNS-12638: Credential retrieval failed
    ns secondary err code: 0
    nt main err code: 0
    nt secondary err code: 0
    nt OS err code: 0


***********************************************************************
Fatal NI connect error 12638, connecting to:
 (DESCRIPTION=(ADDRESS=(PROTOCOL=TCP)(HOST=vietora10)(PORT=1521))(CONNECT_DATA=(SERVICE_NAME=orcl)(CID=(PROGRAM=C:\Program Files\Altova\DatabaseSpy2009\DatabaseSpy.exe)(HOST=QA13)(USER=D.Bugnone))))

  VERSION INFORMATION:
	TNS for 32-bit Windows: Version 10.1.0.2.0 - Production
	Windows NT TCP/IP NT Protocol Adapter for 32-bit Windows: Version 10.1.0.2.0 - Production
  Time: 17-SEP-2008 10:31:15
  Tracing not turned on.
  Tns error struct:
    ns main err code: 12638
    TNS-12638: Credential retrieval failed
    ns secondary err code: 0
    nt main err code: 0
    nt secondary err code: 0
    nt OS err code: 0


***********************************************************************
Fatal NI connect error 12638, connecting to:
 (DESCRIPTION=(ADDRESS=(PROTOCOL=TCP)(HOST=vietora10)(PORT=1521))(CONNECT_DATA=(SERVICE_NAME=orcl)(CID=(PROGRAM=C:\Program Files\Altova\DatabaseSpy2009\DatabaseSpy.exe)(HOST=QA13)(USER=D.Bugnone))))

  VERSION INFORMATION:
	TNS for 32-bit Windows: Version 10.1.0.2.0 - Production
	Windows NT TCP/IP NT Protocol Adapter for 32-bit Windows: Version 10.1.0.2.0 - Production
  Time: 17-SEP-2008 10:31:19
  Tracing not turned on.
  Tns error struct:
    ns main err code: 12638
    TNS-12638: Credential retrieval failed
    ns secondary err code: 0
    nt main err code: 0
    nt secondary err code: 0
    nt OS err code: 0


***********************************************************************
Fatal NI connect error 12638, connecting to:
 (DESCRIPTION=(ADDRESS=(PROTOCOL=TCP)(HOST=vietora10)(PORT=1521))(CONNECT_DATA=(SERVICE_NAME=orcl)(CID=(PROGRAM=C:\Program Files\Altova\DatabaseSpy2009\DatabaseSpy.exe)(HOST=QA13)(USER=D.Bugnone))))

  VERSION INFORMATION:
	TNS for 32-bit Windows: Version 10.1.0.2.0 - Production
	Windows NT TCP/IP NT Protocol Adapter for 32-bit Windows: Version 10.1.0.2.0 - Production
  Time: 23-SEP-2008 17:28:50
  Tracing not turned on.
  Tns error struct:
    ns main err code: 12638
    TNS-12638: Credential retrieval failed
    ns secondary err code: 0
    nt main err code: 0
    nt secondary err code: 0
    nt OS err code: 0


***********************************************************************
Fatal NI connect error 12638, connecting to:
 (DESCRIPTION=(ADDRESS=(PROTOCOL=TCP)(HOST=vietora10)(PORT=1521))(CONNECT_DATA=(SERVICE_NAME=orcl)(CID=(PROGRAM=C:\Program Files\Altova\DatabaseSpy2009\DatabaseSpy.exe)(HOST=QA13)(USER=D.Bugnone))))

  VERSION INFORMATION:
	TNS for 32-bit Windows: Version 10.1.0.2.0 - Production
	Windows NT TCP/IP NT Protocol Adapter for 32-bit Windows: Version 10.1.0.2.0 - Production
  Time: 23-SEP-2008 17:29:07
  Tracing not turned on.
  Tns error struct:
    ns main err code: 12638
    TNS-12638: Credential retrieval failed
    ns secondary err code: 0
    nt main err code: 0
    nt secondary err code: 0
    nt OS err code: 0


***********************************************************************
Fatal NI connect error 12638, connecting to:
 (DESCRIPTION=(ADDRESS=(PROTOCOL=TCP)(HOST=vietora10)(PORT=1521))(CONNECT_DATA=(SERVICE_NAME=orcl)(CID=(PROGRAM=C:\Program Files\Altova\DatabaseSpy2009\DatabaseSpy.exe)(HOST=QA13)(USER=D.Bugnone))))

  VERSION INFORMATION:
	TNS for 32-bit Windows: Version 10.1.0.2.0 - Production
	Windows NT TCP/IP NT Protocol Adapter for 32-bit Windows: Version 10.1.0.2.0 - Production
  Time: 23-SEP-2008 17:33:49
  Tracing not turned on.
  Tns error struct:
    ns main err code: 12638
    TNS-12638: Credential retrieval failed
    ns secondary err code: 0
    nt main err code: 0
    nt secondary err code: 0
    nt OS err code: 0


***********************************************************************
Fatal NI connect error 12638, connecting to:
 (DESCRIPTION=(ADDRESS=(PROTOCOL=TCP)(HOST=vietora10)(PORT=1521))(CONNECT_DATA=(SERVICE_NAME=orcl)(CID=(PROGRAM=C:\Program Files\Altova\DatabaseSpy2009\DatabaseSpy.exe)(HOST=QA13)(USER=D.Bugnone))))

  VERSION INFORMATION:
	TNS for 32-bit Windows: Version 10.1.0.2.0 - Production
	Windows NT TCP/IP NT Protocol Adapter for 32-bit Windows: Version 10.1.0.2.0 - Production
  Time: 23-SEP-2008 17:33:54
  Tracing not turned on.
  Tns error struct:
    ns main err code: 12638
    TNS-12638: Credential retrieval failed
    ns secondary err code: 0
    nt main err code: 0
    nt secondary err code: 0
    nt OS err code: 0


***********************************************************************
Fatal NI connect error 12638, connecting to:
 (DESCRIPTION=(ADDRESS=(PROTOCOL=TCP)(HOST=vietora10)(PORT=1521))(CONNECT_DATA=(SERVICE_NAME=orcl)(CID=(PROGRAM=C:\Program Files\Altova\DatabaseSpy2009\DatabaseSpy.exe)(HOST=QA13)(USER=D.Bugnone))))

  VERSION INFORMATION:
	TNS for 32-bit Windows: Version 10.1.0.2.0 - Production
	Windows NT TCP/IP NT Protocol Adapter for 32-bit Windows: Version 10.1.0.2.0 - Production
  Time: 23-SEP-2008 17:34:08
  Tracing not turned on.
  Tns error struct:
    ns main err code: 12638
    TNS-12638: Credential retrieval failed
    ns secondary err code: 0
    nt main err code: 0
    nt secondary err code: 0
    nt OS err code: 0


***********************************************************************
Fatal NI connect error 12638, connecting to:
 (DESCRIPTION=(ADDRESS=(PROTOCOL=TCP)(HOST=vietora10)(PORT=1521))(CONNECT_DATA=(SERVICE_NAME=orcl)(CID=(PROGRAM=C:\Program Files\Altova\DatabaseSpy2009\DatabaseSpy.exe)(HOST=QA13)(USER=D.Bugnone))))

  VERSION INFORMATION:
	TNS for 32-bit Windows: Version 10.1.0.2.0 - Production
	Windows NT TCP/IP NT Protocol Adapter for 32-bit Windows: Version 10.1.0.2.0 - Production
  Time: 23-SEP-2008 17:34:20
  Tracing not turned on.
  Tns error struct:
    ns main err code: 12638
    TNS-12638: Credential retrieval failed
    ns secondary err code: 0
    nt main err code: 0
    nt secondary err code: 0
    nt OS err code: 0


***********************************************************************
Fatal NI connect error 12638, connecting to:
 (DESCRIPTION=(ADDRESS=(PROTOCOL=TCP)(HOST=vietora10)(PORT=1521))(CONNECT_DATA=(SERVICE_NAME=orcl)(CID=(PROGRAM=C:\Program Files\Altova\DatabaseSpy2009\DatabaseSpy.exe)(HOST=QA13)(USER=D.Bugnone))))

  VERSION INFORMATION:
	TNS for 32-bit Windows: Version 10.1.0.2.0 - Production
	Windows NT TCP/IP NT Protocol Adapter for 32-bit Windows: Version 10.1.0.2.0 - Production
  Time: 23-SEP-2008 17:34:39
  Tracing not turned on.
  Tns error struct:
    ns main err code: 12638
    TNS-12638: Credential retrieval failed
    ns secondary err code: 0
    nt main err code: 0
    nt secondary err code: 0
    nt OS err code: 0


***********************************************************************
Fatal NI connect error 12638, connecting to:
 (DESCRIPTION=(ADDRESS=(PROTOCOL=TCP)(HOST=vietora10)(PORT=1521))(CONNECT_DATA=(SERVICE_NAME=orcl)(CID=(PROGRAM=C:\Program Files\Altova\DatabaseSpy2009\DatabaseSpy.exe)(HOST=QA13)(USER=D.Bugnone))))

  VERSION INFORMATION:
	TNS for 32-bit Windows: Version 10.1.0.2.0 - Production
	Windows NT TCP/IP NT Protocol Adapter for 32-bit Windows: Version 10.1.0.2.0 - Production
  Time: 23-SEP-2008 17:34:43
  Tracing not turned on.
  Tns error struct:
    ns main err code: 12638
    TNS-12638: Credential retrieval failed
    ns secondary err code: 0
    nt main err code: 0
    nt secondary err code: 0
    nt OS err code: 0


***********************************************************************
Fatal NI connect error 12638, connecting to:
 (DESCRIPTION=(ADDRESS=(PROTOCOL=TCP)(HOST=vietora10)(PORT=1521))(CONNECT_DATA=(SERVICE_NAME=orcl)(CID=(PROGRAM=C:\Program Files\Altova\DatabaseSpy2009\DatabaseSpy.exe)(HOST=QA13)(USER=D.Bugnone))))

  VERSION INFORMATION:
	TNS for 32-bit Windows: Version 10.1.0.2.0 - Production
	Windows NT TCP/IP NT Protocol Adapter for 32-bit Windows: Version 10.1.0.2.0 - Production
  Time: 23-SEP-2008 17:38:42
  Tracing not turned on.
  Tns error struct:
    ns main err code: 12638
    TNS-12638: Credential retrieval failed
    ns secondary err code: 0
    nt main err code: 0
    nt secondary err code: 0
    nt OS err code: 0


***********************************************************************
Fatal NI connect error 12638, connecting to:
 (DESCRIPTION=(ADDRESS=(PROTOCOL=TCP)(HOST=vietora10)(PORT=1521))(CONNECT_DATA=(SERVICE_NAME=orcl)(CID=(PROGRAM=C:\Program Files\Altova\DatabaseSpy2009\DatabaseSpy.exe)(HOST=QA13)(USER=D.Bugnone))))

  VERSION INFORMATION:
	TNS for 32-bit Windows: Version 10.1.0.2.0 - Production
	Windows NT TCP/IP NT Protocol Adapter for 32-bit Windows: Version 10.1.0.2.0 - Production
  Time: 23-SEP-2008 17:38:46
  Tracing not turned on.
  Tns error struct:
    ns main err code: 12638
    TNS-12638: Credential retrieval failed
    ns secondary err code: 0
    nt main err code: 0
    nt secondary err code: 0
    nt OS err code: 0
